2024-04-22 05:24:35 - 80712405-bc4f-497c-9c67-5e9503978d70 - error: Unknown column 'otp' in 'field list' {
  "name": "SequelizeDatabaseError",
  "parent": {
    "code": "ER_BAD_FIELD_ERROR",
    "errno": 1054,
    "sqlState": "42S22",
    "sqlMessage": "Unknown column 'otp' in 'field list'",
    "sql": "SELECT `id`, `firstName`, `lastName`, `email`, `password`, `Dob`, `phoneNo`, `createdAt`, `updatedAt`, `deletedAt`, `deletedBy`, `isDeleted`, `role`, `otp`, `otpExpiration` FROM `customers` AS `customer` WHERE `customer`.`email` = 'harbajaaaa@gmail.com' LIMIT 1;"
  },
  "original": {
    "code": "ER_BAD_FIELD_ERROR",
    "errno": 1054,
    "sqlState": "42S22",
    "sqlMessage": "Unknown column 'otp' in 'field list'",
    "sql": "SELECT `id`, `firstName`, `lastName`, `email`, `password`, `Dob`, `phoneNo`, `createdAt`, `updatedAt`, `deletedAt`, `deletedBy`, `isDeleted`, `role`, `otp`, `otpExpiration` FROM `customers` AS `customer` WHERE `customer`.`email` = 'harbajaaaa@gmail.com' LIMIT 1;"
  },
  "sql": "SELECT `id`, `firstName`, `lastName`, `email`, `password`, `Dob`, `phoneNo`, `createdAt`, `updatedAt`, `deletedAt`, `deletedBy`, `isDeleted`, `role`, `otp`, `otpExpiration` FROM `customers` AS `customer` WHERE `customer`.`email` = 'harbajaaaa@gmail.com' LIMIT 1;",
  "parameters": {}
}
2024-04-22 05:38:39 - cd71473e-3010-4798-a029-561f00b7182f - error: uncaughtException: тип Unable to compile TypeScript:
[96msrc/utills/response/constrant.ts[0m:[93m12[0m:[93m3[0m - [91merror[0m[90m TS1005: [0m',' expected.

[7m12[0m   add: (labal: string) => {
[7m  [0m [91m  ~~~[0m

TSError: тип Unable to compile TypeScript:
[96msrc/utills/response/constrant.ts[0m:[93m12[0m:[93m3[0m - [91merror[0m[90m TS1005: [0m',' expected.

[7m12[0m   add: (labal: string) => {
[7m  [0m [91m  ~~~[0m

    at createTSError (C:\Users\ditsd\AppData\Roaming\nvm\v20.9.0\node_modules\ts-node\src\index.ts:859:12)
    at reportTSError (C:\Users\ditsd\AppData\Roaming\nvm\v20.9.0\node_modules\ts-node\src\index.ts:863:19)
    at getOutput (C:\Users\ditsd\AppData\Roaming\nvm\v20.9.0\node_modules\ts-node\src\index.ts:1077:36)
    at Object.compile (C:\Users\ditsd\AppData\Roaming\nvm\v20.9.0\node_modules\ts-node\src\index.ts:1433:41)
    at Module.m._compile (C:\Users\ditsd\AppData\Roaming\nvm\v20.9.0\node_modules\ts-node\src\index.ts:1617:30)
    at Module._extensions..js (node:internal/modules/cjs/loader:1295:10)
    at Object.require.extensions.<computed> [as .ts] (C:\Users\ditsd\AppData\Roaming\nvm\v20.9.0\node_modules\ts-node\src\index.ts:1621:12)
    at Module.load (node:internal/modules/cjs/loader:1091:32)
    at Function.Module._load (node:internal/modules/cjs/loader:938:12)
    at Module.require (node:internal/modules/cjs/loader:1115:19) {
  "error": {
    "diagnosticCodes": [
      1005
    ]
  },
  "stack": "TSError: тип Unable to compile TypeScript:\n\u001b[96msrc/utills/response/constrant.ts\u001b[0m:\u001b[93m12\u001b[0m:\u001b[93m3\u001b[0m - \u001b[91merror\u001b[0m\u001b[90m TS1005: \u001b[0m',' expected.\r\n\r\n\u001b[7m12\u001b[0m   add: (labal: string) => {\r\n\u001b[7m  \u001b[0m \u001b[91m  ~~~\u001b[0m\r\n\n    at createTSError (C:\\Users\\ditsd\\AppData\\Roaming\\nvm\\v20.9.0\\node_modules\\ts-node\\src\\index.ts:859:12)\n    at reportTSError (C:\\Users\\ditsd\\AppData\\Roaming\\nvm\\v20.9.0\\node_modules\\ts-node\\src\\index.ts:863:19)\n    at getOutput (C:\\Users\\ditsd\\AppData\\Roaming\\nvm\\v20.9.0\\node_modules\\ts-node\\src\\index.ts:1077:36)\n    at Object.compile (C:\\Users\\ditsd\\AppData\\Roaming\\nvm\\v20.9.0\\node_modules\\ts-node\\src\\index.ts:1433:41)\n    at Module.m._compile (C:\\Users\\ditsd\\AppData\\Roaming\\nvm\\v20.9.0\\node_modules\\ts-node\\src\\index.ts:1617:30)\n    at Module._extensions..js (node:internal/modules/cjs/loader:1295:10)\n    at Object.require.extensions.<computed> [as .ts] (C:\\Users\\ditsd\\AppData\\Roaming\\nvm\\v20.9.0\\node_modules\\ts-node\\src\\index.ts:1621:12)\n    at Module.load (node:internal/modules/cjs/loader:1091:32)\n    at Function.Module._load (node:internal/modules/cjs/loader:938:12)\n    at Module.require (node:internal/modules/cjs/loader:1115:19)",
  "exception": true,
  "date": "Mon Apr 22 2024 11:08:39 GMT+0530 (India Standard Time)",
  "process": {
    "pid": 1592,
    "uid": null,
    "gid": null,
    "cwd": "C:\\Users\\ditsd\\Desktop\\busTicketBooking\\customer",
    "execPath": "C:\\Program Files\\nodejs\\node.exe",
    "version": "v20.9.0",
    "argv": [
      "C:\\Program Files\\nodejs\\node_modules\\ts-node\\dist\\bin.js",
      "C:\\Users\\ditsd\\Desktop\\busTicketBooking\\customer\\index.ts"
    ],
    "memoryUsage": {
      "rss": 226164736,
      "heapTotal": 179523584,
      "heapUsed": 150255832,
      "external": 6653192,
      "arrayBuffers": 3636712
    }
  },
  "os": {
    "loadavg": [
      0,
      0,
      0
    ],
    "uptime": 431476.015
  },
  "trace": [
    {
      "column": 12,
      "file": "C:\\Users\\ditsd\\AppData\\Roaming\\nvm\\v20.9.0\\node_modules\\ts-node\\src\\index.ts",
      "function": "createTSError",
      "line": 859,
      "method": null,
      "native": false
    },
    {
      "column": 19,
      "file": "C:\\Users\\ditsd\\AppData\\Roaming\\nvm\\v20.9.0\\node_modules\\ts-node\\src\\index.ts",
      "function": "reportTSError",
      "line": 863,
      "method": null,
      "native": false
    },
    {
      "column": 36,
      "file": "C:\\Users\\ditsd\\AppData\\Roaming\\nvm\\v20.9.0\\node_modules\\ts-node\\src\\index.ts",
      "function": "getOutput",
      "line": 1077,
      "method": null,
      "native": false
    },
    {
      "column": 41,
      "file": "C:\\Users\\ditsd\\AppData\\Roaming\\nvm\\v20.9.0\\node_modules\\ts-node\\src\\index.ts",
      "function": "Object.compile",
      "line": 1433,
      "method": "compile",
      "native": false
    },
    {
      "column": 30,
      "file": "C:\\Users\\ditsd\\AppData\\Roaming\\nvm\\v20.9.0\\node_modules\\ts-node\\src\\index.ts",
      "function": "Module.m._compile",
      "line": 1617,
      "method": "_compile",
      "native": false
    },
    {
      "column": 10,
      "file": "node:internal/modules/cjs/loader",
      "function": "Module._extensions..js",
      "line": 1295,
      "method": ".js",
      "native": false
    },
    {
      "column": 12,
      "file": "C:\\Users\\ditsd\\AppData\\Roaming\\nvm\\v20.9.0\\node_modules\\ts-node\\src\\index.ts",
      "function": "Object.require.extensions.<computed> [as .ts]",
      "line": 1621,
      "method": "ts]",
      "native": false
    },
    {
      "column": 32,
      "file": "node:internal/modules/cjs/loader",
      "function": "Module.load",
      "line": 1091,
      "method": "load",
      "native": false
    },
    {
      "column": 12,
      "file": "node:internal/modules/cjs/loader",
      "function": "Module._load",
      "line": 938,
      "method": "_load",
      "native": false
    },
    {
      "column": 19,
      "file": "node:internal/modules/cjs/loader",
      "function": "Module.require",
      "line": 1115,
      "method": "require",
      "native": false
    }
  ]
}
2024-04-22 05:38:50 - fcfab3bf-ba17-4208-aa53-23e22be5ebf8 - error: uncaughtException: тип Unable to compile TypeScript:
[96msrc/utills/response/constrant.ts[0m:[93m12[0m:[93m3[0m - [91merror[0m[90m TS1005: [0m',' expected.

[7m12[0m   add: (labal: string) => {
[7m  [0m [91m  ~~~[0m

TSError: тип Unable to compile TypeScript:
[96msrc/utills/response/constrant.ts[0m:[93m12[0m:[93m3[0m - [91merror[0m[90m TS1005: [0m',' expected.

[7m12[0m   add: (labal: string) => {
[7m  [0m [91m  ~~~[0m

    at createTSError (C:\Users\ditsd\AppData\Roaming\nvm\v20.9.0\node_modules\ts-node\src\index.ts:859:12)
    at reportTSError (C:\Users\ditsd\AppData\Roaming\nvm\v20.9.0\node_modules\ts-node\src\index.ts:863:19)
    at getOutput (C:\Users\ditsd\AppData\Roaming\nvm\v20.9.0\node_modules\ts-node\src\index.ts:1077:36)
    at Object.compile (C:\Users\ditsd\AppData\Roaming\nvm\v20.9.0\node_modules\ts-node\src\index.ts:1433:41)
    at Module.m._compile (C:\Users\ditsd\AppData\Roaming\nvm\v20.9.0\node_modules\ts-node\src\index.ts:1617:30)
    at Module._extensions..js (node:internal/modules/cjs/loader:1295:10)
    at Object.require.extensions.<computed> [as .ts] (C:\Users\ditsd\AppData\Roaming\nvm\v20.9.0\node_modules\ts-node\src\index.ts:1621:12)
    at Module.load (node:internal/modules/cjs/loader:1091:32)
    at Function.Module._load (node:internal/modules/cjs/loader:938:12)
    at Module.require (node:internal/modules/cjs/loader:1115:19) {
  "error": {
    "diagnosticCodes": [
      1005
    ]
  },
  "stack": "TSError: тип Unable to compile TypeScript:\n\u001b[96msrc/utills/response/constrant.ts\u001b[0m:\u001b[93m12\u001b[0m:\u001b[93m3\u001b[0m - \u001b[91merror\u001b[0m\u001b[90m TS1005: \u001b[0m',' expected.\r\n\r\n\u001b[7m12\u001b[0m   add: (labal: string) => {\r\n\u001b[7m  \u001b[0m \u001b[91m  ~~~\u001b[0m\r\n\n    at createTSError (C:\\Users\\ditsd\\AppData\\Roaming\\nvm\\v20.9.0\\node_modules\\ts-node\\src\\index.ts:859:12)\n    at reportTSError (C:\\Users\\ditsd\\AppData\\Roaming\\nvm\\v20.9.0\\node_modules\\ts-node\\src\\index.ts:863:19)\n    at getOutput (C:\\Users\\ditsd\\AppData\\Roaming\\nvm\\v20.9.0\\node_modules\\ts-node\\src\\index.ts:1077:36)\n    at Object.compile (C:\\Users\\ditsd\\AppData\\Roaming\\nvm\\v20.9.0\\node_modules\\ts-node\\src\\index.ts:1433:41)\n    at Module.m._compile (C:\\Users\\ditsd\\AppData\\Roaming\\nvm\\v20.9.0\\node_modules\\ts-node\\src\\index.ts:1617:30)\n    at Module._extensions..js (node:internal/modules/cjs/loader:1295:10)\n    at Object.require.extensions.<computed> [as .ts] (C:\\Users\\ditsd\\AppData\\Roaming\\nvm\\v20.9.0\\node_modules\\ts-node\\src\\index.ts:1621:12)\n    at Module.load (node:internal/modules/cjs/loader:1091:32)\n    at Function.Module._load (node:internal/modules/cjs/loader:938:12)\n    at Module.require (node:internal/modules/cjs/loader:1115:19)",
  "exception": true,
  "date": "Mon Apr 22 2024 11:08:50 GMT+0530 (India Standard Time)",
  "process": {
    "pid": 22156,
    "uid": null,
    "gid": null,
    "cwd": "C:\\Users\\ditsd\\Desktop\\busTicketBooking\\customer",
    "execPath": "C:\\Program Files\\nodejs\\node.exe",
    "version": "v20.9.0",
    "argv": [
      "C:\\Program Files\\nodejs\\node_modules\\ts-node\\dist\\bin.js",
      "C:\\Users\\ditsd\\Desktop\\busTicketBooking\\customer\\index.ts"
    ],
    "memoryUsage": {
      "rss": 228696064,
      "heapTotal": 179261440,
      "heapUsed": 150177544,
      "external": 6653253,
      "arrayBuffers": 3636773
    }
  },
  "os": {
    "loadavg": [
      0,
      0,
      0
    ],
    "uptime": 431487.75
  },
  "trace": [
    {
      "column": 12,
      "file": "C:\\Users\\ditsd\\AppData\\Roaming\\nvm\\v20.9.0\\node_modules\\ts-node\\src\\index.ts",
      "function": "createTSError",
      "line": 859,
      "method": null,
      "native": false
    },
    {
      "column": 19,
      "file": "C:\\Users\\ditsd\\AppData\\Roaming\\nvm\\v20.9.0\\node_modules\\ts-node\\src\\index.ts",
      "function": "reportTSError",
      "line": 863,
      "method": null,
      "native": false
    },
    {
      "column": 36,
      "file": "C:\\Users\\ditsd\\AppData\\Roaming\\nvm\\v20.9.0\\node_modules\\ts-node\\src\\index.ts",
      "function": "getOutput",
      "line": 1077,
      "method": null,
      "native": false
    },
    {
      "column": 41,
      "file": "C:\\Users\\ditsd\\AppData\\Roaming\\nvm\\v20.9.0\\node_modules\\ts-node\\src\\index.ts",
      "function": "Object.compile",
      "line": 1433,
      "method": "compile",
      "native": false
    },
    {
      "column": 30,
      "file": "C:\\Users\\ditsd\\AppData\\Roaming\\nvm\\v20.9.0\\node_modules\\ts-node\\src\\index.ts",
      "function": "Module.m._compile",
      "line": 1617,
      "method": "_compile",
      "native": false
    },
    {
      "column": 10,
      "file": "node:internal/modules/cjs/loader",
      "function": "Module._extensions..js",
      "line": 1295,
      "method": ".js",
      "native": false
    },
    {
      "column": 12,
      "file": "C:\\Users\\ditsd\\AppData\\Roaming\\nvm\\v20.9.0\\node_modules\\ts-node\\src\\index.ts",
      "function": "Object.require.extensions.<computed> [as .ts]",
      "line": 1621,
      "method": "ts]",
      "native": false
    },
    {
      "column": 32,
      "file": "node:internal/modules/cjs/loader",
      "function": "Module.load",
      "line": 1091,
      "method": "load",
      "native": false
    },
    {
      "column": 12,
      "file": "node:internal/modules/cjs/loader",
      "function": "Module._load",
      "line": 938,
      "method": "_load",
      "native": false
    },
    {
      "column": 19,
      "file": "node:internal/modules/cjs/loader",
      "function": "Module.require",
      "line": 1115,
      "method": "require",
      "native": false
    }
  ]
}
2024-04-22 05:39:00 - 54e6e11a-4798-4a6c-9881-ac787dcca819 - error: uncaughtException: тип Unable to compile TypeScript:
[96msrc/utills/response/constrant.ts[0m:[93m12[0m:[93m3[0m - [91merror[0m[90m TS1005: [0m',' expected.

[7m12[0m   add: (labal: string) => {
[7m  [0m [91m  ~~~[0m

TSError: тип Unable to compile TypeScript:
[96msrc/utills/response/constrant.ts[0m:[93m12[0m:[93m3[0m - [91merror[0m[90m TS1005: [0m',' expected.

[7m12[0m   add: (labal: string) => {
[7m  [0m [91m  ~~~[0m

    at createTSError (C:\Users\ditsd\AppData\Roaming\nvm\v20.9.0\node_modules\ts-node\src\index.ts:859:12)
    at reportTSError (C:\Users\ditsd\AppData\Roaming\nvm\v20.9.0\node_modules\ts-node\src\index.ts:863:19)
    at getOutput (C:\Users\ditsd\AppData\Roaming\nvm\v20.9.0\node_modules\ts-node\src\index.ts:1077:36)
    at Object.compile (C:\Users\ditsd\AppData\Roaming\nvm\v20.9.0\node_modules\ts-node\src\index.ts:1433:41)
    at Module.m._compile (C:\Users\ditsd\AppData\Roaming\nvm\v20.9.0\node_modules\ts-node\src\index.ts:1617:30)
    at Module._extensions..js (node:internal/modules/cjs/loader:1295:10)
    at Object.require.extensions.<computed> [as .ts] (C:\Users\ditsd\AppData\Roaming\nvm\v20.9.0\node_modules\ts-node\src\index.ts:1621:12)
    at Module.load (node:internal/modules/cjs/loader:1091:32)
    at Function.Module._load (node:internal/modules/cjs/loader:938:12)
    at Module.require (node:internal/modules/cjs/loader:1115:19) {
  "error": {
    "diagnosticCodes": [
      1005
    ]
  },
  "stack": "TSError: тип Unable to compile TypeScript:\n\u001b[96msrc/utills/response/constrant.ts\u001b[0m:\u001b[93m12\u001b[0m:\u001b[93m3\u001b[0m - \u001b[91merror\u001b[0m\u001b[90m TS1005: \u001b[0m',' expected.\r\n\r\n\u001b[7m12\u001b[0m   add: (labal: string) => {\r\n\u001b[7m  \u001b[0m \u001b[91m  ~~~\u001b[0m\r\n\n    at createTSError (C:\\Users\\ditsd\\AppData\\Roaming\\nvm\\v20.9.0\\node_modules\\ts-node\\src\\index.ts:859:12)\n    at reportTSError (C:\\Users\\ditsd\\AppData\\Roaming\\nvm\\v20.9.0\\node_modules\\ts-node\\src\\index.ts:863:19)\n    at getOutput (C:\\Users\\ditsd\\AppData\\Roaming\\nvm\\v20.9.0\\node_modules\\ts-node\\src\\index.ts:1077:36)\n    at Object.compile (C:\\Users\\ditsd\\AppData\\Roaming\\nvm\\v20.9.0\\node_modules\\ts-node\\src\\index.ts:1433:41)\n    at Module.m._compile (C:\\Users\\ditsd\\AppData\\Roaming\\nvm\\v20.9.0\\node_modules\\ts-node\\src\\index.ts:1617:30)\n    at Module._extensions..js (node:internal/modules/cjs/loader:1295:10)\n    at Object.require.extensions.<computed> [as .ts] (C:\\Users\\ditsd\\AppData\\Roaming\\nvm\\v20.9.0\\node_modules\\ts-node\\src\\index.ts:1621:12)\n    at Module.load (node:internal/modules/cjs/loader:1091:32)\n    at Function.Module._load (node:internal/modules/cjs/loader:938:12)\n    at Module.require (node:internal/modules/cjs/loader:1115:19)",
  "exception": true,
  "date": "Mon Apr 22 2024 11:09:00 GMT+0530 (India Standard Time)",
  "process": {
    "pid": 4968,
    "uid": null,
    "gid": null,
    "cwd": "C:\\Users\\ditsd\\Desktop\\busTicketBooking\\customer",
    "execPath": "C:\\Program Files\\nodejs\\node.exe",
    "version": "v20.9.0",
    "argv": [
      "C:\\Program Files\\nodejs\\node_modules\\ts-node\\dist\\bin.js",
      "C:\\Users\\ditsd\\Desktop\\busTicketBooking\\customer\\index.ts"
    ],
    "memoryUsage": {
      "rss": 224776192,
      "heapTotal": 178212864,
      "heapUsed": 150758016,
      "external": 6653252,
      "arrayBuffers": 3636772
    }
  },
  "os": {
    "loadavg": [
      0,
      0,
      0
    ],
    "uptime": 431497.531
  },
  "trace": [
    {
      "column": 12,
      "file": "C:\\Users\\ditsd\\AppData\\Roaming\\nvm\\v20.9.0\\node_modules\\ts-node\\src\\index.ts",
      "function": "createTSError",
      "line": 859,
      "method": null,
      "native": false
    },
    {
      "column": 19,
      "file": "C:\\Users\\ditsd\\AppData\\Roaming\\nvm\\v20.9.0\\node_modules\\ts-node\\src\\index.ts",
      "function": "reportTSError",
      "line": 863,
      "method": null,
      "native": false
    },
    {
      "column": 36,
      "file": "C:\\Users\\ditsd\\AppData\\Roaming\\nvm\\v20.9.0\\node_modules\\ts-node\\src\\index.ts",
      "function": "getOutput",
      "line": 1077,
      "method": null,
      "native": false
    },
    {
      "column": 41,
      "file": "C:\\Users\\ditsd\\AppData\\Roaming\\nvm\\v20.9.0\\node_modules\\ts-node\\src\\index.ts",
      "function": "Object.compile",
      "line": 1433,
      "method": "compile",
      "native": false
    },
    {
      "column": 30,
      "file": "C:\\Users\\ditsd\\AppData\\Roaming\\nvm\\v20.9.0\\node_modules\\ts-node\\src\\index.ts",
      "function": "Module.m._compile",
      "line": 1617,
      "method": "_compile",
      "native": false
    },
    {
      "column": 10,
      "file": "node:internal/modules/cjs/loader",
      "function": "Module._extensions..js",
      "line": 1295,
      "method": ".js",
      "native": false
    },
    {
      "column": 12,
      "file": "C:\\Users\\ditsd\\AppData\\Roaming\\nvm\\v20.9.0\\node_modules\\ts-node\\src\\index.ts",
      "function": "Object.require.extensions.<computed> [as .ts]",
      "line": 1621,
      "method": "ts]",
      "native": false
    },
    {
      "column": 32,
      "file": "node:internal/modules/cjs/loader",
      "function": "Module.load",
      "line": 1091,
      "method": "load",
      "native": false
    },
    {
      "column": 12,
      "file": "node:internal/modules/cjs/loader",
      "function": "Module._load",
      "line": 938,
      "method": "_load",
      "native": false
    },
    {
      "column": 19,
      "file": "node:internal/modules/cjs/loader",
      "function": "Module.require",
      "line": 1115,
      "method": "require",
      "native": false
    }
  ]
}
2024-04-22 05:39:08 - 13d094f0-179f-4092-a4c3-1c4a12e15f12 - error: uncaughtException: тип Unable to compile TypeScript:
[96msrc/utills/response/constrant.ts[0m:[93m12[0m:[93m3[0m - [91merror[0m[90m TS1005: [0m',' expected.

[7m12[0m   add: (labal: string) => {
[7m  [0m [91m  ~~~[0m

TSError: тип Unable to compile TypeScript:
[96msrc/utills/response/constrant.ts[0m:[93m12[0m:[93m3[0m - [91merror[0m[90m TS1005: [0m',' expected.

[7m12[0m   add: (labal: string) => {
[7m  [0m [91m  ~~~[0m

    at createTSError (C:\Users\ditsd\AppData\Roaming\nvm\v20.9.0\node_modules\ts-node\src\index.ts:859:12)
    at reportTSError (C:\Users\ditsd\AppData\Roaming\nvm\v20.9.0\node_modules\ts-node\src\index.ts:863:19)
    at getOutput (C:\Users\ditsd\AppData\Roaming\nvm\v20.9.0\node_modules\ts-node\src\index.ts:1077:36)
    at Object.compile (C:\Users\ditsd\AppData\Roaming\nvm\v20.9.0\node_modules\ts-node\src\index.ts:1433:41)
    at Module.m._compile (C:\Users\ditsd\AppData\Roaming\nvm\v20.9.0\node_modules\ts-node\src\index.ts:1617:30)
    at Module._extensions..js (node:internal/modules/cjs/loader:1295:10)
    at Object.require.extensions.<computed> [as .ts] (C:\Users\ditsd\AppData\Roaming\nvm\v20.9.0\node_modules\ts-node\src\index.ts:1621:12)
    at Module.load (node:internal/modules/cjs/loader:1091:32)
    at Function.Module._load (node:internal/modules/cjs/loader:938:12)
    at Module.require (node:internal/modules/cjs/loader:1115:19) {
  "error": {
    "diagnosticCodes": [
      1005
    ]
  },
  "stack": "TSError: тип Unable to compile TypeScript:\n\u001b[96msrc/utills/response/constrant.ts\u001b[0m:\u001b[93m12\u001b[0m:\u001b[93m3\u001b[0m - \u001b[91merror\u001b[0m\u001b[90m TS1005: \u001b[0m',' expected.\r\n\r\n\u001b[7m12\u001b[0m   add: (labal: string) => {\r\n\u001b[7m  \u001b[0m \u001b[91m  ~~~\u001b[0m\r\n\n    at createTSError (C:\\Users\\ditsd\\AppData\\Roaming\\nvm\\v20.9.0\\node_modules\\ts-node\\src\\index.ts:859:12)\n    at reportTSError (C:\\Users\\ditsd\\AppData\\Roaming\\nvm\\v20.9.0\\node_modules\\ts-node\\src\\index.ts:863:19)\n    at getOutput (C:\\Users\\ditsd\\AppData\\Roaming\\nvm\\v20.9.0\\node_modules\\ts-node\\src\\index.ts:1077:36)\n    at Object.compile (C:\\Users\\ditsd\\AppData\\Roaming\\nvm\\v20.9.0\\node_modules\\ts-node\\src\\index.ts:1433:41)\n    at Module.m._compile (C:\\Users\\ditsd\\AppData\\Roaming\\nvm\\v20.9.0\\node_modules\\ts-node\\src\\index.ts:1617:30)\n    at Module._extensions..js (node:internal/modules/cjs/loader:1295:10)\n    at Object.require.extensions.<computed> [as .ts] (C:\\Users\\ditsd\\AppData\\Roaming\\nvm\\v20.9.0\\node_modules\\ts-node\\src\\index.ts:1621:12)\n    at Module.load (node:internal/modules/cjs/loader:1091:32)\n    at Function.Module._load (node:internal/modules/cjs/loader:938:12)\n    at Module.require (node:internal/modules/cjs/loader:1115:19)",
  "exception": true,
  "date": "Mon Apr 22 2024 11:09:08 GMT+0530 (India Standard Time)",
  "process": {
    "pid": 19280,
    "uid": null,
    "gid": null,
    "cwd": "C:\\Users\\ditsd\\Desktop\\busTicketBooking\\customer",
    "execPath": "C:\\Program Files\\nodejs\\node.exe",
    "version": "v20.9.0",
    "argv": [
      "C:\\Program Files\\nodejs\\node_modules\\ts-node\\dist\\bin.js",
      "C:\\Users\\ditsd\\Desktop\\busTicketBooking\\customer\\index.ts"
    ],
    "memoryUsage": {
      "rss": 226058240,
      "heapTotal": 179523584,
      "heapUsed": 149893728,
      "external": 6653285,
      "arrayBuffers": 3636805
    }
  },
  "os": {
    "loadavg": [
      0,
      0,
      0
    ],
    "uptime": 431504.953
  },
  "trace": [
    {
      "column": 12,
      "file": "C:\\Users\\ditsd\\AppData\\Roaming\\nvm\\v20.9.0\\node_modules\\ts-node\\src\\index.ts",
      "function": "createTSError",
      "line": 859,
      "method": null,
      "native": false
    },
    {
      "column": 19,
      "file": "C:\\Users\\ditsd\\AppData\\Roaming\\nvm\\v20.9.0\\node_modules\\ts-node\\src\\index.ts",
      "function": "reportTSError",
      "line": 863,
      "method": null,
      "native": false
    },
    {
      "column": 36,
      "file": "C:\\Users\\ditsd\\AppData\\Roaming\\nvm\\v20.9.0\\node_modules\\ts-node\\src\\index.ts",
      "function": "getOutput",
      "line": 1077,
      "method": null,
      "native": false
    },
    {
      "column": 41,
      "file": "C:\\Users\\ditsd\\AppData\\Roaming\\nvm\\v20.9.0\\node_modules\\ts-node\\src\\index.ts",
      "function": "Object.compile",
      "line": 1433,
      "method": "compile",
      "native": false
    },
    {
      "column": 30,
      "file": "C:\\Users\\ditsd\\AppData\\Roaming\\nvm\\v20.9.0\\node_modules\\ts-node\\src\\index.ts",
      "function": "Module.m._compile",
      "line": 1617,
      "method": "_compile",
      "native": false
    },
    {
      "column": 10,
      "file": "node:internal/modules/cjs/loader",
      "function": "Module._extensions..js",
      "line": 1295,
      "method": ".js",
      "native": false
    },
    {
      "column": 12,
      "file": "C:\\Users\\ditsd\\AppData\\Roaming\\nvm\\v20.9.0\\node_modules\\ts-node\\src\\index.ts",
      "function": "Object.require.extensions.<computed> [as .ts]",
      "line": 1621,
      "method": "ts]",
      "native": false
    },
    {
      "column": 32,
      "file": "node:internal/modules/cjs/loader",
      "function": "Module.load",
      "line": 1091,
      "method": "load",
      "native": false
    },
    {
      "column": 12,
      "file": "node:internal/modules/cjs/loader",
      "function": "Module._load",
      "line": 938,
      "method": "_load",
      "native": false
    },
    {
      "column": 19,
      "file": "node:internal/modules/cjs/loader",
      "function": "Module.require",
      "line": 1115,
      "method": "require",
      "native": false
    }
  ]
}
2024-04-22 05:39:19 - 827d7187-1c00-43e4-b015-6f5f0ba53755 - error: uncaughtException: тип Unable to compile TypeScript:
[96msrc/utills/response/constrant.ts[0m:[93m12[0m:[93m3[0m - [91merror[0m[90m TS1005: [0m',' expected.

[7m12[0m   add: (labal: string) => {
[7m  [0m [91m  ~~~[0m

TSError: тип Unable to compile TypeScript:
[96msrc/utills/response/constrant.ts[0m:[93m12[0m:[93m3[0m - [91merror[0m[90m TS1005: [0m',' expected.

[7m12[0m   add: (labal: string) => {
[7m  [0m [91m  ~~~[0m

    at createTSError (C:\Users\ditsd\AppData\Roaming\nvm\v20.9.0\node_modules\ts-node\src\index.ts:859:12)
    at reportTSError (C:\Users\ditsd\AppData\Roaming\nvm\v20.9.0\node_modules\ts-node\src\index.ts:863:19)
    at getOutput (C:\Users\ditsd\AppData\Roaming\nvm\v20.9.0\node_modules\ts-node\src\index.ts:1077:36)
    at Object.compile (C:\Users\ditsd\AppData\Roaming\nvm\v20.9.0\node_modules\ts-node\src\index.ts:1433:41)
    at Module.m._compile (C:\Users\ditsd\AppData\Roaming\nvm\v20.9.0\node_modules\ts-node\src\index.ts:1617:30)
    at Module._extensions..js (node:internal/modules/cjs/loader:1295:10)
    at Object.require.extensions.<computed> [as .ts] (C:\Users\ditsd\AppData\Roaming\nvm\v20.9.0\node_modules\ts-node\src\index.ts:1621:12)
    at Module.load (node:internal/modules/cjs/loader:1091:32)
    at Function.Module._load (node:internal/modules/cjs/loader:938:12)
    at Module.require (node:internal/modules/cjs/loader:1115:19) {
  "error": {
    "diagnosticCodes": [
      1005
    ]
  },
  "stack": "TSError: тип Unable to compile TypeScript:\n\u001b[96msrc/utills/response/constrant.ts\u001b[0m:\u001b[93m12\u001b[0m:\u001b[93m3\u001b[0m - \u001b[91merror\u001b[0m\u001b[90m TS1005: \u001b[0m',' expected.\r\n\r\n\u001b[7m12\u001b[0m   add: (labal: string) => {\r\n\u001b[7m  \u001b[0m \u001b[91m  ~~~\u001b[0m\r\n\n    at createTSError (C:\\Users\\ditsd\\AppData\\Roaming\\nvm\\v20.9.0\\node_modules\\ts-node\\src\\index.ts:859:12)\n    at reportTSError (C:\\Users\\ditsd\\AppData\\Roaming\\nvm\\v20.9.0\\node_modules\\ts-node\\src\\index.ts:863:19)\n    at getOutput (C:\\Users\\ditsd\\AppData\\Roaming\\nvm\\v20.9.0\\node_modules\\ts-node\\src\\index.ts:1077:36)\n    at Object.compile (C:\\Users\\ditsd\\AppData\\Roaming\\nvm\\v20.9.0\\node_modules\\ts-node\\src\\index.ts:1433:41)\n    at Module.m._compile (C:\\Users\\ditsd\\AppData\\Roaming\\nvm\\v20.9.0\\node_modules\\ts-node\\src\\index.ts:1617:30)\n    at Module._extensions..js (node:internal/modules/cjs/loader:1295:10)\n    at Object.require.extensions.<computed> [as .ts] (C:\\Users\\ditsd\\AppData\\Roaming\\nvm\\v20.9.0\\node_modules\\ts-node\\src\\index.ts:1621:12)\n    at Module.load (node:internal/modules/cjs/loader:1091:32)\n    at Function.Module._load (node:internal/modules/cjs/loader:938:12)\n    at Module.require (node:internal/modules/cjs/loader:1115:19)",
  "exception": true,
  "date": "Mon Apr 22 2024 11:09:19 GMT+0530 (India Standard Time)",
  "process": {
    "pid": 6768,
    "uid": null,
    "gid": null,
    "cwd": "C:\\Users\\ditsd\\Desktop\\busTicketBooking\\customer",
    "execPath": "C:\\Program Files\\nodejs\\node.exe",
    "version": "v20.9.0",
    "argv": [
      "C:\\Program Files\\nodejs\\node_modules\\ts-node\\dist\\bin.js",
      "C:\\Users\\ditsd\\Desktop\\busTicketBooking\\customer\\index.ts"
    ],
    "memoryUsage": {
      "rss": 225697792,
      "heapTotal": 179785728,
      "heapUsed": 149662336,
      "external": 6653203,
      "arrayBuffers": 3636723
    }
  },
  "os": {
    "loadavg": [
      0,
      0,
      0
    ],
    "uptime": 431516.906
  },
  "trace": [
    {
      "column": 12,
      "file": "C:\\Users\\ditsd\\AppData\\Roaming\\nvm\\v20.9.0\\node_modules\\ts-node\\src\\index.ts",
      "function": "createTSError",
      "line": 859,
      "method": null,
      "native": false
    },
    {
      "column": 19,
      "file": "C:\\Users\\ditsd\\AppData\\Roaming\\nvm\\v20.9.0\\node_modules\\ts-node\\src\\index.ts",
      "function": "reportTSError",
      "line": 863,
      "method": null,
      "native": false
    },
    {
      "column": 36,
      "file": "C:\\Users\\ditsd\\AppData\\Roaming\\nvm\\v20.9.0\\node_modules\\ts-node\\src\\index.ts",
      "function": "getOutput",
      "line": 1077,
      "method": null,
      "native": false
    },
    {
      "column": 41,
      "file": "C:\\Users\\ditsd\\AppData\\Roaming\\nvm\\v20.9.0\\node_modules\\ts-node\\src\\index.ts",
      "function": "Object.compile",
      "line": 1433,
      "method": "compile",
      "native": false
    },
    {
      "column": 30,
      "file": "C:\\Users\\ditsd\\AppData\\Roaming\\nvm\\v20.9.0\\node_modules\\ts-node\\src\\index.ts",
      "function": "Module.m._compile",
      "line": 1617,
      "method": "_compile",
      "native": false
    },
    {
      "column": 10,
      "file": "node:internal/modules/cjs/loader",
      "function": "Module._extensions..js",
      "line": 1295,
      "method": ".js",
      "native": false
    },
    {
      "column": 12,
      "file": "C:\\Users\\ditsd\\AppData\\Roaming\\nvm\\v20.9.0\\node_modules\\ts-node\\src\\index.ts",
      "function": "Object.require.extensions.<computed> [as .ts]",
      "line": 1621,
      "method": "ts]",
      "native": false
    },
    {
      "column": 32,
      "file": "node:internal/modules/cjs/loader",
      "function": "Module.load",
      "line": 1091,
      "method": "load",
      "native": false
    },
    {
      "column": 12,
      "file": "node:internal/modules/cjs/loader",
      "function": "Module._load",
      "line": 938,
      "method": "_load",
      "native": false
    },
    {
      "column": 19,
      "file": "node:internal/modules/cjs/loader",
      "function": "Module.require",
      "line": 1115,
      "method": "require",
      "native": false
    }
  ]
}
2024-04-22 05:39:24 - 15cdfefe-7237-4bc1-aeae-182893fe40fb - error: uncaughtException: тип Unable to compile TypeScript:
[96msrc/utills/response/constrant.ts[0m:[93m12[0m:[93m3[0m - [91merror[0m[90m TS1005: [0m',' expected.

[7m12[0m   add: (labal: string) => {
[7m  [0m [91m  ~~~[0m

TSError: тип Unable to compile TypeScript:
[96msrc/utills/response/constrant.ts[0m:[93m12[0m:[93m3[0m - [91merror[0m[90m TS1005: [0m',' expected.

[7m12[0m   add: (labal: string) => {
[7m  [0m [91m  ~~~[0m

    at createTSError (C:\Users\ditsd\AppData\Roaming\nvm\v20.9.0\node_modules\ts-node\src\index.ts:859:12)
    at reportTSError (C:\Users\ditsd\AppData\Roaming\nvm\v20.9.0\node_modules\ts-node\src\index.ts:863:19)
    at getOutput (C:\Users\ditsd\AppData\Roaming\nvm\v20.9.0\node_modules\ts-node\src\index.ts:1077:36)
    at Object.compile (C:\Users\ditsd\AppData\Roaming\nvm\v20.9.0\node_modules\ts-node\src\index.ts:1433:41)
    at Module.m._compile (C:\Users\ditsd\AppData\Roaming\nvm\v20.9.0\node_modules\ts-node\src\index.ts:1617:30)
    at Module._extensions..js (node:internal/modules/cjs/loader:1295:10)
    at Object.require.extensions.<computed> [as .ts] (C:\Users\ditsd\AppData\Roaming\nvm\v20.9.0\node_modules\ts-node\src\index.ts:1621:12)
    at Module.load (node:internal/modules/cjs/loader:1091:32)
    at Function.Module._load (node:internal/modules/cjs/loader:938:12)
    at Module.require (node:internal/modules/cjs/loader:1115:19) {
  "error": {
    "diagnosticCodes": [
      1005
    ]
  },
  "stack": "TSError: тип Unable to compile TypeScript:\n\u001b[96msrc/utills/response/constrant.ts\u001b[0m:\u001b[93m12\u001b[0m:\u001b[93m3\u001b[0m - \u001b[91merror\u001b[0m\u001b[90m TS1005: \u001b[0m',' expected.\r\n\r\n\u001b[7m12\u001b[0m   add: (labal: string) => {\r\n\u001b[7m  \u001b[0m \u001b[91m  ~~~\u001b[0m\r\n\n    at createTSError (C:\\Users\\ditsd\\AppData\\Roaming\\nvm\\v20.9.0\\node_modules\\ts-node\\src\\index.ts:859:12)\n    at reportTSError (C:\\Users\\ditsd\\AppData\\Roaming\\nvm\\v20.9.0\\node_modules\\ts-node\\src\\index.ts:863:19)\n    at getOutput (C:\\Users\\ditsd\\AppData\\Roaming\\nvm\\v20.9.0\\node_modules\\ts-node\\src\\index.ts:1077:36)\n    at Object.compile (C:\\Users\\ditsd\\AppData\\Roaming\\nvm\\v20.9.0\\node_modules\\ts-node\\src\\index.ts:1433:41)\n    at Module.m._compile (C:\\Users\\ditsd\\AppData\\Roaming\\nvm\\v20.9.0\\node_modules\\ts-node\\src\\index.ts:1617:30)\n    at Module._extensions..js (node:internal/modules/cjs/loader:1295:10)\n    at Object.require.extensions.<computed> [as .ts] (C:\\Users\\ditsd\\AppData\\Roaming\\nvm\\v20.9.0\\node_modules\\ts-node\\src\\index.ts:1621:12)\n    at Module.load (node:internal/modules/cjs/loader:1091:32)\n    at Function.Module._load (node:internal/modules/cjs/loader:938:12)\n    at Module.require (node:internal/modules/cjs/loader:1115:19)",
  "exception": true,
  "date": "Mon Apr 22 2024 11:09:24 GMT+0530 (India Standard Time)",
  "process": {
    "pid": 19496,
    "uid": null,
    "gid": null,
    "cwd": "C:\\Users\\ditsd\\Desktop\\busTicketBooking\\customer",
    "execPath": "C:\\Program Files\\nodejs\\node.exe",
    "version": "v20.9.0",
    "argv": [
      "C:\\Program Files\\nodejs\\node_modules\\ts-node\\dist\\bin.js",
      "C:\\Users\\ditsd\\Desktop\\busTicketBooking\\customer\\index.ts"
    ],
    "memoryUsage": {
      "rss": 225775616,
      "heapTotal": 178737152,
      "heapUsed": 150689872,
      "external": 6653125,
      "arrayBuffers": 3636645
    }
  },
  "os": {
    "loadavg": [
      0,
      0,
      0
    ],
    "uptime": 431521.812
  },
  "trace": [
    {
      "column": 12,
      "file": "C:\\Users\\ditsd\\AppData\\Roaming\\nvm\\v20.9.0\\node_modules\\ts-node\\src\\index.ts",
      "function": "createTSError",
      "line": 859,
      "method": null,
      "native": false
    },
    {
      "column": 19,
      "file": "C:\\Users\\ditsd\\AppData\\Roaming\\nvm\\v20.9.0\\node_modules\\ts-node\\src\\index.ts",
      "function": "reportTSError",
      "line": 863,
      "method": null,
      "native": false
    },
    {
      "column": 36,
      "file": "C:\\Users\\ditsd\\AppData\\Roaming\\nvm\\v20.9.0\\node_modules\\ts-node\\src\\index.ts",
      "function": "getOutput",
      "line": 1077,
      "method": null,
      "native": false
    },
    {
      "column": 41,
      "file": "C:\\Users\\ditsd\\AppData\\Roaming\\nvm\\v20.9.0\\node_modules\\ts-node\\src\\index.ts",
      "function": "Object.compile",
      "line": 1433,
      "method": "compile",
      "native": false
    },
    {
      "column": 30,
      "file": "C:\\Users\\ditsd\\AppData\\Roaming\\nvm\\v20.9.0\\node_modules\\ts-node\\src\\index.ts",
      "function": "Module.m._compile",
      "line": 1617,
      "method": "_compile",
      "native": false
    },
    {
      "column": 10,
      "file": "node:internal/modules/cjs/loader",
      "function": "Module._extensions..js",
      "line": 1295,
      "method": ".js",
      "native": false
    },
    {
      "column": 12,
      "file": "C:\\Users\\ditsd\\AppData\\Roaming\\nvm\\v20.9.0\\node_modules\\ts-node\\src\\index.ts",
      "function": "Object.require.extensions.<computed> [as .ts]",
      "line": 1621,
      "method": "ts]",
      "native": false
    },
    {
      "column": 32,
      "file": "node:internal/modules/cjs/loader",
      "function": "Module.load",
      "line": 1091,
      "method": "load",
      "native": false
    },
    {
      "column": 12,
      "file": "node:internal/modules/cjs/loader",
      "function": "Module._load",
      "line": 938,
      "method": "_load",
      "native": false
    },
    {
      "column": 19,
      "file": "node:internal/modules/cjs/loader",
      "function": "Module.require",
      "line": 1115,
      "method": "require",
      "native": false
    }
  ]
}
2024-04-22 05:48:14 - b6c4e8f7-23cd-4447-9aca-629604999aa8 - error: uncaughtException: тип Unable to compile TypeScript:
[96msrc/utills/response/constrant.ts[0m:[93m15[0m:[93m3[0m - [91merror[0m[90m TS1117: [0mAn object literal cannot have multiple properties with the same name.

[7m15[0m   add: (labal: string) => {
[7m  [0m [91m  ~~~[0m

TSError: тип Unable to compile TypeScript:
[96msrc/utills/response/constrant.ts[0m:[93m15[0m:[93m3[0m - [91merror[0m[90m TS1117: [0mAn object literal cannot have multiple properties with the same name.

[7m15[0m   add: (labal: string) => {
[7m  [0m [91m  ~~~[0m

    at createTSError (C:\Users\ditsd\AppData\Roaming\nvm\v20.9.0\node_modules\ts-node\src\index.ts:859:12)
    at reportTSError (C:\Users\ditsd\AppData\Roaming\nvm\v20.9.0\node_modules\ts-node\src\index.ts:863:19)
    at getOutput (C:\Users\ditsd\AppData\Roaming\nvm\v20.9.0\node_modules\ts-node\src\index.ts:1077:36)
    at Object.compile (C:\Users\ditsd\AppData\Roaming\nvm\v20.9.0\node_modules\ts-node\src\index.ts:1433:41)
    at Module.m._compile (C:\Users\ditsd\AppData\Roaming\nvm\v20.9.0\node_modules\ts-node\src\index.ts:1617:30)
    at Module._extensions..js (node:internal/modules/cjs/loader:1295:10)
    at Object.require.extensions.<computed> [as .ts] (C:\Users\ditsd\AppData\Roaming\nvm\v20.9.0\node_modules\ts-node\src\index.ts:1621:12)
    at Module.load (node:internal/modules/cjs/loader:1091:32)
    at Function.Module._load (node:internal/modules/cjs/loader:938:12)
    at Module.require (node:internal/modules/cjs/loader:1115:19) {
  "error": {
    "diagnosticCodes": [
      1117
    ]
  },
  "stack": "TSError: тип Unable to compile TypeScript:\n\u001b[96msrc/utills/response/constrant.ts\u001b[0m:\u001b[93m15\u001b[0m:\u001b[93m3\u001b[0m - \u001b[91merror\u001b[0m\u001b[90m TS1117: \u001b[0mAn object literal cannot have multiple properties with the same name.\r\n\r\n\u001b[7m15\u001b[0m   add: (labal: string) => {\r\n\u001b[7m  \u001b[0m \u001b[91m  ~~~\u001b[0m\r\n\n    at createTSError (C:\\Users\\ditsd\\AppData\\Roaming\\nvm\\v20.9.0\\node_modules\\ts-node\\src\\index.ts:859:12)\n    at reportTSError (C:\\Users\\ditsd\\AppData\\Roaming\\nvm\\v20.9.0\\node_modules\\ts-node\\src\\index.ts:863:19)\n    at getOutput (C:\\Users\\ditsd\\AppData\\Roaming\\nvm\\v20.9.0\\node_modules\\ts-node\\src\\index.ts:1077:36)\n    at Object.compile (C:\\Users\\ditsd\\AppData\\Roaming\\nvm\\v20.9.0\\node_modules\\ts-node\\src\\index.ts:1433:41)\n    at Module.m._compile (C:\\Users\\ditsd\\AppData\\Roaming\\nvm\\v20.9.0\\node_modules\\ts-node\\src\\index.ts:1617:30)\n    at Module._extensions..js (node:internal/modules/cjs/loader:1295:10)\n    at Object.require.extensions.<computed> [as .ts] (C:\\Users\\ditsd\\AppData\\Roaming\\nvm\\v20.9.0\\node_modules\\ts-node\\src\\index.ts:1621:12)\n    at Module.load (node:internal/modules/cjs/loader:1091:32)\n    at Function.Module._load (node:internal/modules/cjs/loader:938:12)\n    at Module.require (node:internal/modules/cjs/loader:1115:19)",
  "exception": true,
  "date": "Mon Apr 22 2024 11:18:14 GMT+0530 (India Standard Time)",
  "process": {
    "pid": 19448,
    "uid": null,
    "gid": null,
    "cwd": "C:\\Users\\ditsd\\Desktop\\busTicketBooking\\customer",
    "execPath": "C:\\Program Files\\nodejs\\node.exe",
    "version": "v20.9.0",
    "argv": [
      "C:\\Program Files\\nodejs\\node_modules\\ts-node\\dist\\bin.js",
      "C:\\Users\\ditsd\\Desktop\\busTicketBooking\\customer\\index.ts"
    ],
    "memoryUsage": {
      "rss": 224956416,
      "heapTotal": 178475008,
      "heapUsed": 150559376,
      "external": 6653413,
      "arrayBuffers": 3636933
    }
  },
  "os": {
    "loadavg": [
      0,
      0,
      0
    ],
    "uptime": 432051.218
  },
  "trace": [
    {
      "column": 12,
      "file": "C:\\Users\\ditsd\\AppData\\Roaming\\nvm\\v20.9.0\\node_modules\\ts-node\\src\\index.ts",
      "function": "createTSError",
      "line": 859,
      "method": null,
      "native": false
    },
    {
      "column": 19,
      "file": "C:\\Users\\ditsd\\AppData\\Roaming\\nvm\\v20.9.0\\node_modules\\ts-node\\src\\index.ts",
      "function": "reportTSError",
      "line": 863,
      "method": null,
      "native": false
    },
    {
      "column": 36,
      "file": "C:\\Users\\ditsd\\AppData\\Roaming\\nvm\\v20.9.0\\node_modules\\ts-node\\src\\index.ts",
      "function": "getOutput",
      "line": 1077,
      "method": null,
      "native": false
    },
    {
      "column": 41,
      "file": "C:\\Users\\ditsd\\AppData\\Roaming\\nvm\\v20.9.0\\node_modules\\ts-node\\src\\index.ts",
      "function": "Object.compile",
      "line": 1433,
      "method": "compile",
      "native": false
    },
    {
      "column": 30,
      "file": "C:\\Users\\ditsd\\AppData\\Roaming\\nvm\\v20.9.0\\node_modules\\ts-node\\src\\index.ts",
      "function": "Module.m._compile",
      "line": 1617,
      "method": "_compile",
      "native": false
    },
    {
      "column": 10,
      "file": "node:internal/modules/cjs/loader",
      "function": "Module._extensions..js",
      "line": 1295,
      "method": ".js",
      "native": false
    },
    {
      "column": 12,
      "file": "C:\\Users\\ditsd\\AppData\\Roaming\\nvm\\v20.9.0\\node_modules\\ts-node\\src\\index.ts",
      "function": "Object.require.extensions.<computed> [as .ts]",
      "line": 1621,
      "method": "ts]",
      "native": false
    },
    {
      "column": 32,
      "file": "node:internal/modules/cjs/loader",
      "function": "Module.load",
      "line": 1091,
      "method": "load",
      "native": false
    },
    {
      "column": 12,
      "file": "node:internal/modules/cjs/loader",
      "function": "Module._load",
      "line": 938,
      "method": "_load",
      "native": false
    },
    {
      "column": 19,
      "file": "node:internal/modules/cjs/loader",
      "function": "Module.require",
      "line": 1115,
      "method": "require",
      "native": false
    }
  ]
}
2024-04-22 08:43:31 - 0ceca006-13f8-4a33-8f29-1fd4fc88b0fa - error: Table 'busticketbooking.customers' doesn't exist {
  "name": "SequelizeDatabaseError",
  "parent": {
    "code": "ER_NO_SUCH_TABLE",
    "errno": 1146,
    "sqlState": "42S02",
    "sqlMessage": "Table 'busticketbooking.customers' doesn't exist",
    "sql": "SELECT `id`, `firstName`, `lastName`, `email`, `password`, `Dob`, `phoneNo`, `createdAt`, `updatedAt`, `deletedAt`, `deletedBy`, `isDeleted`, `role`, `otp`, `otpExpiration` FROM `customers` AS `customer` WHERE `customer`.`email` = 'jaspreet@gmail.com' AND `customer`.`isDeleted` = false LIMIT 1;"
  },
  "original": {
    "code": "ER_NO_SUCH_TABLE",
    "errno": 1146,
    "sqlState": "42S02",
    "sqlMessage": "Table 'busticketbooking.customers' doesn't exist",
    "sql": "SELECT `id`, `firstName`, `lastName`, `email`, `password`, `Dob`, `phoneNo`, `createdAt`, `updatedAt`, `deletedAt`, `deletedBy`, `isDeleted`, `role`, `otp`, `otpExpiration` FROM `customers` AS `customer` WHERE `customer`.`email` = 'jaspreet@gmail.com' AND `customer`.`isDeleted` = false LIMIT 1;"
  },
  "sql": "SELECT `id`, `firstName`, `lastName`, `email`, `password`, `Dob`, `phoneNo`, `createdAt`, `updatedAt`, `deletedAt`, `deletedBy`, `isDeleted`, `role`, `otp`, `otpExpiration` FROM `customers` AS `customer` WHERE `customer`.`email` = 'jaspreet@gmail.com' AND `customer`.`isDeleted` = false LIMIT 1;",
  "parameters": {}
}
2024-04-22 08:43:31 - d3208d47-7357-4a6e-baf3-eee7086916ad - error: userAdd userController Error @ Error: 	Table 'busticketbooking.customers' doesn't exist 
2024-04-22 08:43:50 - 28a74cdf-f64e-4c60-908b-435652dccf51 - error: Table 'busticketbooking.customers' doesn't exist {
  "name": "SequelizeDatabaseError",
  "parent": {
    "code": "ER_NO_SUCH_TABLE",
    "errno": 1146,
    "sqlState": "42S02",
    "sqlMessage": "Table 'busticketbooking.customers' doesn't exist",
    "sql": "SELECT `id`, `firstName`, `lastName`, `email`, `password`, `Dob`, `phoneNo`, `createdAt`, `updatedAt`, `deletedAt`, `deletedBy`, `isDeleted`, `role`, `otp`, `otpExpiration` FROM `customers` AS `customer` WHERE `customer`.`email` = 'jaspreet@gmail.com' LIMIT 1;"
  },
  "original": {
    "code": "ER_NO_SUCH_TABLE",
    "errno": 1146,
    "sqlState": "42S02",
    "sqlMessage": "Table 'busticketbooking.customers' doesn't exist",
    "sql": "SELECT `id`, `firstName`, `lastName`, `email`, `password`, `Dob`, `phoneNo`, `createdAt`, `updatedAt`, `deletedAt`, `deletedBy`, `isDeleted`, `role`, `otp`, `otpExpiration` FROM `customers` AS `customer` WHERE `customer`.`email` = 'jaspreet@gmail.com' LIMIT 1;"
  },
  "sql": "SELECT `id`, `firstName`, `lastName`, `email`, `password`, `Dob`, `phoneNo`, `createdAt`, `updatedAt`, `deletedAt`, `deletedBy`, `isDeleted`, `role`, `otp`, `otpExpiration` FROM `customers` AS `customer` WHERE `customer`.`email` = 'jaspreet@gmail.com' LIMIT 1;",
  "parameters": {}
}
2024-04-22 08:43:52 - 11d800a0-b21a-4f4b-b13b-704721a67ce4 - error: userUpdate userController Error @ Error: 	Table 'busticketbooking.customers' doesn't exist 
2024-04-22 09:38:04 - cf555859-56dd-493a-9fcb-a77b1e880e49 - error: data and hash arguments required 
2024-04-22 09:38:04 - 6b5ff394-344a-4be8-8e88-fef447ab8acf - error: userAdd userController Error @ Error: 	data and hash arguments required 
2024-04-22 09:38:14 - 34301038-197d-4313-a052-01028387712c - error: data and hash arguments required 
2024-04-22 09:38:14 - c83f643d-4ce5-40ad-be8f-d7975d140f4d - error: userAdd userController Error @ Error: 	data and hash arguments required 
2024-04-22 09:40:01 - f471439e-e0c8-4782-9d71-afe0676eb92a - error: data and hash arguments required 
2024-04-22 09:40:40 - ac99e922-2dd0-4f21-9fb6-b39fef4bfc1c - error: userAdd userController Error @ Error: 	data and hash arguments required 
2024-04-22 10:19:33 - 33143df2-728c-4efc-90c7-c7b7e1e00397 - error: data and hash arguments required 
2024-04-22 10:19:33 - b1f949dc-de35-4ef5-9564-872b08dc2a32 - error: userAdd userController Error @ Error: 	data and hash arguments required 
2024-04-22 10:20:18 - 892e3332-0c5f-490b-a448-0fc870eb66b3 - error: data and hash arguments required 
2024-04-22 10:21:00 - ee6544da-6ccc-4745-868e-a72c31ca5259 - error: userAdd userController Error @ Error: 	data and hash arguments required 
2024-04-22 10:36:33 - 6427331e-7a29-4352-bd1c-d1d1d8324d5e - error: data and hash arguments required 
2024-04-22 10:36:33 - 169a2f87-dafa-4d21-a0ea-122866e096f0 - error: userUpdate userController Error @ Error: 	data and hash arguments required 
2024-04-22 10:38:36 - 9944e91c-9c04-4188-be94-2428b4878d78 - error: data and hash arguments required 
2024-04-22 10:38:44 - 41f649b1-4765-4a59-abb1-d4c7b3292d22 - error: userUpdate userController Error @ Error: 	data and hash arguments required 
2024-04-22 10:40:46 - 38c00818-74dd-4903-8d0d-9ed4b00c1693 - error: data and hash arguments required 
2024-04-22 10:40:46 - 6b46ca7d-c3d9-47ba-a23e-3a4ce52806cc - error: userUpdate userController Error @ Error: 	data and hash arguments required 
2024-04-22 10:44:09 - ef4ffaca-b93b-4882-82b5-1dccf9d8ffa9 - error: data and hash arguments required 
